[2015-10-22 19:30:37] START
[2015-10-22 19:30:37] EDIT campuswebpro/controllers/cartelera.py: 40
[2015-10-25 17:31:18] EDIT campuswebpro/controllers/cartelera.py: 11
[2015-10-25 17:34:59] EDIT campuswebpro/views/cartelera/horarios.html: 0
[2015-10-25 17:37:47] EDIT campuswebpro/views/cartelera/horarios.html: 0
[2015-10-25 17:43:11] EDIT campuswebpro/controllers/cartelera.py: -17
[2015-10-25 17:43:26] EDIT campuswebpro/controllers/cartelera.py: 1
[2015-10-25 17:43:41] EDIT campuswebpro/controllers/cartelera.py: 0
[2015-10-25 17:43:53] EDIT campuswebpro/controllers/cartelera.py: 0
[2015-10-25 17:49:04] EDIT campuswebpro/views/cartelera/horarios.html: 0
[2015-10-25 17:54:48] EDIT campuswebpro/controllers/cartelera.py: -15
[2015-10-25 17:56:25] EDIT campuswebpro/controllers/cartelera.py: 31
[2015-10-25 17:57:52] EDIT campuswebpro/views/cartelera/horarios.html: -1
[2015-10-25 17:59:41] EDIT campuswebpro/views/cartelera/horarios.html: 1
[2015-10-25 21:00:37] EDIT campuswebpro/controllers/cartelera.py: -31
[2015-10-25 21:01:33] EDIT campuswebpro/views/cartelera/horarios.html: -17
[2015-10-25 21:11:23] EDIT campuswebpro/views/cartelera/horarios.html: 17
[2015-10-28 20:58:06] EDIT campuswebpro/models/db_tramites.py: -9
[2015-10-28 20:58:08] EDIT campuswebpro/models/db_tramites.py: 0
[2015-10-28 21:04:32] EDIT campuswebpro/views/tramites/iniciar.html: 1
[2015-10-28 21:09:19] EDIT campuswebpro/controllers/tramites.py: 3
[2015-10-28 21:23:23] EDIT campuswebpro/controllers/tramites.py: -3
[2015-10-28 21:23:53] EDIT campuswebpro/views/tramites/iniciar.html: -1
[2015-10-28 21:33:10] EDIT campuswebpro/controllers/tramites.py: 2
[2015-10-28 21:33:30] EDIT campuswebpro/controllers/tramites.py: -2
[2015-10-28 21:36:07] EDIT campuswebpro/controllers/tramites.py: 2
[2015-10-28 21:36:15] EDIT campuswebpro/controllers/tramites.py: 0
[2015-10-28 21:36:24] EDIT campuswebpro/controllers/tramites.py: -1
[2015-10-28 21:36:41] EDIT campuswebpro/controllers/tramites.py: 0
[2015-10-28 21:38:22] EDIT campuswebpro/controllers/tramites.py: 0
[2015-10-28 21:38:45] EDIT campuswebpro/views/tramites/iniciar.html: 0
[2015-10-28 21:39:08] EDIT campuswebpro/controllers/tramites.py: -1
[2015-10-28 21:45:07] EDIT campuswebpro/views/tramites/iniciar.html: -28
[2015-10-28 21:45:30] EDIT campuswebpro/views/tramites/iniciar.html: 28
[2015-10-28 22:29:57] EDIT campuswebpro/controllers/tramites.py: 0
[2015-10-28 23:09:31] EDIT campuswebpro/controllers/tramites.py: 9
[2015-10-28 23:09:38] EDIT campuswebpro/controllers/tramites.py: -1
[2015-10-28 23:09:44] EDIT campuswebpro/controllers/tramites.py: 0
[2015-10-28 23:10:39] EDIT campuswebpro/views/tramites/iniciar.html: 3
[2015-10-28 23:11:17] EDIT campuswebpro/views/tramites/iniciar.html: 0
